[2025-08-26T17:23:47.596+0000] {local_task_job_runner.py:123} INFO - ::group::Pre task execution logs
[2025-08-26T17:23:47.614+0000] {taskinstance.py:2614} INFO - Dependencies all met for dep_context=non-requeueable deps ti=<TaskInstance: weather_pipeline.load scheduled__2025-08-26T16:00:00+00:00 [queued]>
[2025-08-26T17:23:47.625+0000] {taskinstance.py:2614} INFO - Dependencies all met for dep_context=requeueable deps ti=<TaskInstance: weather_pipeline.load scheduled__2025-08-26T16:00:00+00:00 [queued]>
[2025-08-26T17:23:47.625+0000] {taskinstance.py:2867} INFO - Starting attempt 1 of 2
[2025-08-26T17:23:47.639+0000] {taskinstance.py:2890} INFO - Executing <Task(PythonOperator): load> on 2025-08-26 16:00:00+00:00
[2025-08-26T17:23:47.648+0000] {logging_mixin.py:190} WARNING - /home/airflow/.local/lib/python3.12/site-packages/airflow/task/task_runner/standard_task_runner.py:70 DeprecationWarning: This process (pid=179) is multi-threaded, use of fork() may lead to deadlocks in the child.
[2025-08-26T17:23:47.649+0000] {standard_task_runner.py:72} INFO - Started process 180 to run task
[2025-08-26T17:23:47.649+0000] {standard_task_runner.py:104} INFO - Running: ['airflow', 'tasks', 'run', 'weather_pipeline', 'load', 'scheduled__2025-08-26T16:00:00+00:00', '--job-id', '4', '--raw', '--subdir', 'DAGS_FOLDER/weather_pipeline.py', '--cfg-path', '/tmp/tmptu5bf10s']
[2025-08-26T17:23:47.651+0000] {standard_task_runner.py:105} INFO - Job 4: Subtask load
[2025-08-26T17:23:47.664+0000] {logging_mixin.py:190} WARNING - /home/airflow/.local/lib/python3.12/site-packages/airflow/settings.py:209 DeprecationWarning: The sql_alchemy_conn option in [core] has been moved to the sql_alchemy_conn option in [database] - the old setting has been used, but please update your config.
[2025-08-26T17:23:47.691+0000] {task_command.py:467} INFO - Running <TaskInstance: weather_pipeline.load scheduled__2025-08-26T16:00:00+00:00 [running]> on host b35af15ce4bd
[2025-08-26T17:23:47.693+0000] {logging_mixin.py:190} WARNING - /home/airflow/.local/lib/python3.12/site-packages/airflow/settings.py:470 DeprecationWarning: The sql_alchemy_conn option in [core] has been moved to the sql_alchemy_conn option in [database] - the old setting has been used, but please update your config.
[2025-08-26T17:23:47.956+0000] {taskinstance.py:3134} INFO - Exporting env vars: AIRFLOW_CTX_DAG_OWNER='airflow' AIRFLOW_CTX_DAG_ID='weather_pipeline' AIRFLOW_CTX_TASK_ID='load' AIRFLOW_CTX_EXECUTION_DATE='2025-08-26T16:00:00+00:00' AIRFLOW_CTX_TRY_NUMBER='1' AIRFLOW_CTX_DAG_RUN_ID='scheduled__2025-08-26T16:00:00+00:00'
[2025-08-26T17:23:47.957+0000] {taskinstance.py:732} INFO - ::endgroup::
[2025-08-26T17:23:48.058+0000] {python.py:240} INFO - Done. Returned value was: None
[2025-08-26T17:23:48.065+0000] {taskinstance.py:341} INFO - ::group::Post task execution logs
[2025-08-26T17:23:48.066+0000] {taskinstance.py:353} INFO - Marking task as SUCCESS. dag_id=weather_pipeline, task_id=load, run_id=scheduled__2025-08-26T16:00:00+00:00, execution_date=20250826T160000, start_date=20250826T172347, end_date=20250826T172348
[2025-08-26T17:23:48.108+0000] {local_task_job_runner.py:266} INFO - Task exited with return code 0
[2025-08-26T17:23:48.122+0000] {taskinstance.py:3901} INFO - 0 downstream tasks scheduled from follow-on schedule check
[2025-08-26T17:23:48.123+0000] {local_task_job_runner.py:245} INFO - ::endgroup::
[2025-08-26T17:25:00.534+0000] {local_task_job_runner.py:123} INFO - ::group::Pre task execution logs
[2025-08-26T17:25:00.560+0000] {taskinstance.py:2614} INFO - Dependencies all met for dep_context=non-requeueable deps ti=<TaskInstance: weather_pipeline.load scheduled__2025-08-26T16:00:00+00:00 [queued]>
[2025-08-26T17:25:00.576+0000] {taskinstance.py:2614} INFO - Dependencies all met for dep_context=requeueable deps ti=<TaskInstance: weather_pipeline.load scheduled__2025-08-26T16:00:00+00:00 [queued]>
[2025-08-26T17:25:00.577+0000] {taskinstance.py:2867} INFO - Starting attempt 1 of 2
[2025-08-26T17:25:00.598+0000] {taskinstance.py:2890} INFO - Executing <Task(PythonOperator): load> on 2025-08-26 16:00:00+00:00
[2025-08-26T17:25:00.611+0000] {logging_mixin.py:190} WARNING - /home/airflow/.local/lib/python3.12/site-packages/airflow/task/task_runner/standard_task_runner.py:70 DeprecationWarning: This process (pid=179) is multi-threaded, use of fork() may lead to deadlocks in the child.
[2025-08-26T17:25:00.612+0000] {standard_task_runner.py:72} INFO - Started process 180 to run task
[2025-08-26T17:25:00.612+0000] {standard_task_runner.py:104} INFO - Running: ['airflow', 'tasks', 'run', 'weather_pipeline', 'load', 'scheduled__2025-08-26T16:00:00+00:00', '--job-id', '4', '--raw', '--subdir', 'DAGS_FOLDER/weather_pipeline.py', '--cfg-path', '/tmp/tmponraxh_s']
[2025-08-26T17:25:00.615+0000] {standard_task_runner.py:105} INFO - Job 4: Subtask load
[2025-08-26T17:25:00.632+0000] {logging_mixin.py:190} WARNING - /home/airflow/.local/lib/python3.12/site-packages/airflow/settings.py:209 DeprecationWarning: The sql_alchemy_conn option in [core] has been moved to the sql_alchemy_conn option in [database] - the old setting has been used, but please update your config.
[2025-08-26T17:25:00.672+0000] {task_command.py:467} INFO - Running <TaskInstance: weather_pipeline.load scheduled__2025-08-26T16:00:00+00:00 [running]> on host 7476cb8b7ba4
[2025-08-26T17:25:00.674+0000] {logging_mixin.py:190} WARNING - /home/airflow/.local/lib/python3.12/site-packages/airflow/settings.py:470 DeprecationWarning: The sql_alchemy_conn option in [core] has been moved to the sql_alchemy_conn option in [database] - the old setting has been used, but please update your config.
[2025-08-26T17:25:01.000+0000] {taskinstance.py:3134} INFO - Exporting env vars: AIRFLOW_CTX_DAG_OWNER='airflow' AIRFLOW_CTX_DAG_ID='weather_pipeline' AIRFLOW_CTX_TASK_ID='load' AIRFLOW_CTX_EXECUTION_DATE='2025-08-26T16:00:00+00:00' AIRFLOW_CTX_TRY_NUMBER='1' AIRFLOW_CTX_DAG_RUN_ID='scheduled__2025-08-26T16:00:00+00:00'
[2025-08-26T17:25:01.001+0000] {taskinstance.py:732} INFO - ::endgroup::
[2025-08-26T17:25:01.121+0000] {python.py:240} INFO - Done. Returned value was: None
[2025-08-26T17:25:01.133+0000] {taskinstance.py:341} INFO - ::group::Post task execution logs
[2025-08-26T17:25:01.134+0000] {taskinstance.py:353} INFO - Marking task as SUCCESS. dag_id=weather_pipeline, task_id=load, run_id=scheduled__2025-08-26T16:00:00+00:00, execution_date=20250826T160000, start_date=20250826T172500, end_date=20250826T172501
[2025-08-26T17:25:01.189+0000] {local_task_job_runner.py:266} INFO - Task exited with return code 0
[2025-08-26T17:25:01.210+0000] {taskinstance.py:3901} INFO - 0 downstream tasks scheduled from follow-on schedule check
[2025-08-26T17:25:01.211+0000] {local_task_job_runner.py:245} INFO - ::endgroup::
