[2025-08-26T17:23:44.701+0000] {local_task_job_runner.py:123} INFO - ::group::Pre task execution logs
[2025-08-26T17:23:44.710+0000] {taskinstance.py:2614} INFO - Dependencies all met for dep_context=non-requeueable deps ti=<TaskInstance: weather_pipeline.extract scheduled__2025-08-26T16:00:00+00:00 [queued]>
[2025-08-26T17:23:44.716+0000] {taskinstance.py:2614} INFO - Dependencies all met for dep_context=requeueable deps ti=<TaskInstance: weather_pipeline.extract scheduled__2025-08-26T16:00:00+00:00 [queued]>
[2025-08-26T17:23:44.716+0000] {taskinstance.py:2867} INFO - Starting attempt 1 of 2
[2025-08-26T17:23:44.728+0000] {taskinstance.py:2890} INFO - Executing <Task(PythonOperator): extract> on 2025-08-26 16:00:00+00:00
[2025-08-26T17:23:44.735+0000] {logging_mixin.py:190} WARNING - /home/airflow/.local/lib/python3.12/site-packages/airflow/task/task_runner/standard_task_runner.py:70 DeprecationWarning: This process (pid=173) is multi-threaded, use of fork() may lead to deadlocks in the child.
[2025-08-26T17:23:44.735+0000] {standard_task_runner.py:72} INFO - Started process 174 to run task
[2025-08-26T17:23:44.735+0000] {standard_task_runner.py:104} INFO - Running: ['airflow', 'tasks', 'run', 'weather_pipeline', 'extract', 'scheduled__2025-08-26T16:00:00+00:00', '--job-id', '2', '--raw', '--subdir', 'DAGS_FOLDER/weather_pipeline.py', '--cfg-path', '/tmp/tmpkn0et047']
[2025-08-26T17:23:44.736+0000] {standard_task_runner.py:105} INFO - Job 2: Subtask extract
[2025-08-26T17:23:44.744+0000] {logging_mixin.py:190} WARNING - /home/airflow/.local/lib/python3.12/site-packages/airflow/settings.py:209 DeprecationWarning: The sql_alchemy_conn option in [core] has been moved to the sql_alchemy_conn option in [database] - the old setting has been used, but please update your config.
[2025-08-26T17:23:44.760+0000] {task_command.py:467} INFO - Running <TaskInstance: weather_pipeline.extract scheduled__2025-08-26T16:00:00+00:00 [running]> on host b35af15ce4bd
[2025-08-26T17:23:44.761+0000] {logging_mixin.py:190} WARNING - /home/airflow/.local/lib/python3.12/site-packages/airflow/settings.py:470 DeprecationWarning: The sql_alchemy_conn option in [core] has been moved to the sql_alchemy_conn option in [database] - the old setting has been used, but please update your config.
[2025-08-26T17:23:44.937+0000] {taskinstance.py:3134} INFO - Exporting env vars: AIRFLOW_CTX_DAG_OWNER='airflow' AIRFLOW_CTX_DAG_ID='weather_pipeline' AIRFLOW_CTX_TASK_ID='extract' AIRFLOW_CTX_EXECUTION_DATE='2025-08-26T16:00:00+00:00' AIRFLOW_CTX_TRY_NUMBER='1' AIRFLOW_CTX_DAG_RUN_ID='scheduled__2025-08-26T16:00:00+00:00'
[2025-08-26T17:23:44.937+0000] {taskinstance.py:732} INFO - ::endgroup::
[2025-08-26T17:23:45.075+0000] {python.py:240} INFO - Done. Returned value was: {'coord': {'lon': 106.6667, 'lat': 10.75}, 'weather': [{'id': 804, 'main': 'Clouds', 'description': 'overcast clouds', 'icon': '04n'}], 'base': 'stations', 'main': {'temp': 26.41, 'feels_like': 26.41, 'temp_min': 26.41, 'temp_max': 26.41, 'pressure': 1009, 'humidity': 80, 'sea_level': 1009, 'grnd_level': 1010}, 'visibility': 10000, 'wind': {'speed': 3.88, 'deg': 242, 'gust': 10.2}, 'clouds': {'all': 99}, 'dt': 1756228807, 'sys': {'country': 'VN', 'sunrise': 1756248238, 'sunset': 1756292781}, 'timezone': 25200, 'id': 1566083, 'name': 'Ho Chi Minh City', 'cod': 200}
[2025-08-26T17:23:45.094+0000] {taskinstance.py:341} INFO - ::group::Post task execution logs
[2025-08-26T17:23:45.094+0000] {taskinstance.py:353} INFO - Marking task as SUCCESS. dag_id=weather_pipeline, task_id=extract, run_id=scheduled__2025-08-26T16:00:00+00:00, execution_date=20250826T160000, start_date=20250826T172344, end_date=20250826T172345
[2025-08-26T17:23:45.149+0000] {local_task_job_runner.py:266} INFO - Task exited with return code 0
[2025-08-26T17:23:45.165+0000] {taskinstance.py:3901} INFO - 1 downstream tasks scheduled from follow-on schedule check
[2025-08-26T17:23:45.168+0000] {local_task_job_runner.py:245} INFO - ::endgroup::
[2025-08-26T17:24:58.161+0000] {local_task_job_runner.py:123} INFO - ::group::Pre task execution logs
[2025-08-26T17:24:58.175+0000] {taskinstance.py:2614} INFO - Dependencies all met for dep_context=non-requeueable deps ti=<TaskInstance: weather_pipeline.extract scheduled__2025-08-26T16:00:00+00:00 [queued]>
[2025-08-26T17:24:58.184+0000] {taskinstance.py:2614} INFO - Dependencies all met for dep_context=requeueable deps ti=<TaskInstance: weather_pipeline.extract scheduled__2025-08-26T16:00:00+00:00 [queued]>
[2025-08-26T17:24:58.184+0000] {taskinstance.py:2867} INFO - Starting attempt 1 of 2
[2025-08-26T17:24:58.203+0000] {taskinstance.py:2890} INFO - Executing <Task(PythonOperator): extract> on 2025-08-26 16:00:00+00:00
[2025-08-26T17:24:58.215+0000] {logging_mixin.py:190} WARNING - /home/airflow/.local/lib/python3.12/site-packages/airflow/task/task_runner/standard_task_runner.py:70 DeprecationWarning: This process (pid=173) is multi-threaded, use of fork() may lead to deadlocks in the child.
[2025-08-26T17:24:58.216+0000] {standard_task_runner.py:72} INFO - Started process 174 to run task
[2025-08-26T17:24:58.216+0000] {standard_task_runner.py:104} INFO - Running: ['airflow', 'tasks', 'run', 'weather_pipeline', 'extract', 'scheduled__2025-08-26T16:00:00+00:00', '--job-id', '2', '--raw', '--subdir', 'DAGS_FOLDER/weather_pipeline.py', '--cfg-path', '/tmp/tmpg_c6e84c']
[2025-08-26T17:24:58.219+0000] {standard_task_runner.py:105} INFO - Job 2: Subtask extract
[2025-08-26T17:24:58.233+0000] {logging_mixin.py:190} WARNING - /home/airflow/.local/lib/python3.12/site-packages/airflow/settings.py:209 DeprecationWarning: The sql_alchemy_conn option in [core] has been moved to the sql_alchemy_conn option in [database] - the old setting has been used, but please update your config.
[2025-08-26T17:24:58.264+0000] {task_command.py:467} INFO - Running <TaskInstance: weather_pipeline.extract scheduled__2025-08-26T16:00:00+00:00 [running]> on host 7476cb8b7ba4
[2025-08-26T17:24:58.266+0000] {logging_mixin.py:190} WARNING - /home/airflow/.local/lib/python3.12/site-packages/airflow/settings.py:470 DeprecationWarning: The sql_alchemy_conn option in [core] has been moved to the sql_alchemy_conn option in [database] - the old setting has been used, but please update your config.
[2025-08-26T17:24:58.518+0000] {taskinstance.py:3134} INFO - Exporting env vars: AIRFLOW_CTX_DAG_OWNER='airflow' AIRFLOW_CTX_DAG_ID='weather_pipeline' AIRFLOW_CTX_TASK_ID='extract' AIRFLOW_CTX_EXECUTION_DATE='2025-08-26T16:00:00+00:00' AIRFLOW_CTX_TRY_NUMBER='1' AIRFLOW_CTX_DAG_RUN_ID='scheduled__2025-08-26T16:00:00+00:00'
[2025-08-26T17:24:58.519+0000] {taskinstance.py:732} INFO - ::endgroup::
[2025-08-26T17:24:58.694+0000] {python.py:240} INFO - Done. Returned value was: {'coord': {'lon': 106.6667, 'lat': 10.75}, 'weather': [{'id': 804, 'main': 'Clouds', 'description': 'overcast clouds', 'icon': '04n'}], 'base': 'stations', 'main': {'temp': 26.41, 'feels_like': 26.41, 'temp_min': 26.41, 'temp_max': 26.41, 'pressure': 1009, 'humidity': 80, 'sea_level': 1009, 'grnd_level': 1010}, 'visibility': 10000, 'wind': {'speed': 3.88, 'deg': 242, 'gust': 10.2}, 'clouds': {'all': 99}, 'dt': 1756228807, 'sys': {'country': 'VN', 'sunrise': 1756248238, 'sunset': 1756292781}, 'timezone': 25200, 'id': 1566083, 'name': 'Ho Chi Minh City', 'cod': 200}
[2025-08-26T17:24:58.716+0000] {taskinstance.py:341} INFO - ::group::Post task execution logs
[2025-08-26T17:24:58.717+0000] {taskinstance.py:353} INFO - Marking task as SUCCESS. dag_id=weather_pipeline, task_id=extract, run_id=scheduled__2025-08-26T16:00:00+00:00, execution_date=20250826T160000, start_date=20250826T172458, end_date=20250826T172458
[2025-08-26T17:24:58.793+0000] {local_task_job_runner.py:266} INFO - Task exited with return code 0
[2025-08-26T17:24:58.820+0000] {taskinstance.py:3901} INFO - 0 downstream tasks scheduled from follow-on schedule check
[2025-08-26T17:24:58.822+0000] {local_task_job_runner.py:245} INFO - ::endgroup::
