[2025-08-26T17:23:41.241+0000] {processor.py:186} INFO - Started process (PID=168) to work on /opt/airflow/dags/weather_pipeline.py
[2025-08-26T17:23:41.242+0000] {processor.py:914} INFO - Processing file /opt/airflow/dags/weather_pipeline.py for tasks to queue
[2025-08-26T17:23:41.245+0000] {logging_mixin.py:190} INFO - [2025-08-26T17:23:41.245+0000] {dagbag.py:588} INFO - Filling up the DagBag from /opt/airflow/dags/weather_pipeline.py
[2025-08-26T17:23:42.689+0000] {processor.py:925} INFO - DAG(s) 'weather_pipeline' retrieved from /opt/airflow/dags/weather_pipeline.py
[2025-08-26T17:23:43.057+0000] {logging_mixin.py:190} INFO - [2025-08-26T17:23:43.056+0000] {override.py:1912} INFO - Created Permission View: can edit on DAG:weather_pipeline
[2025-08-26T17:23:43.072+0000] {logging_mixin.py:190} INFO - [2025-08-26T17:23:43.071+0000] {override.py:1912} INFO - Created Permission View: can read on DAG:weather_pipeline
[2025-08-26T17:23:43.088+0000] {logging_mixin.py:190} INFO - [2025-08-26T17:23:43.088+0000] {override.py:1912} INFO - Created Permission View: can delete on DAG:weather_pipeline
[2025-08-26T17:23:43.102+0000] {logging_mixin.py:190} INFO - [2025-08-26T17:23:43.101+0000] {override.py:1912} INFO - Created Permission View: can create on DAG Run:weather_pipeline
[2025-08-26T17:23:43.115+0000] {logging_mixin.py:190} INFO - [2025-08-26T17:23:43.114+0000] {override.py:1912} INFO - Created Permission View: can read on DAG Run:weather_pipeline
[2025-08-26T17:23:43.123+0000] {logging_mixin.py:190} INFO - [2025-08-26T17:23:43.123+0000] {override.py:1912} INFO - Created Permission View: can delete on DAG Run:weather_pipeline
[2025-08-26T17:23:43.135+0000] {logging_mixin.py:190} INFO - [2025-08-26T17:23:43.134+0000] {override.py:1912} INFO - Created Permission View: menu access on DAG Run:weather_pipeline
[2025-08-26T17:23:43.135+0000] {logging_mixin.py:190} INFO - [2025-08-26T17:23:43.135+0000] {dag.py:3239} INFO - Sync 1 DAGs
[2025-08-26T17:23:43.331+0000] {logging_mixin.py:190} INFO - [2025-08-26T17:23:43.331+0000] {dag.py:3262} INFO - Creating ORM DAG for weather_pipeline
[2025-08-26T17:23:43.341+0000] {logging_mixin.py:190} INFO - [2025-08-26T17:23:43.341+0000] {dag.py:4180} INFO - Setting next_dagrun for weather_pipeline to 2025-08-26 16:00:00+00:00, run_after=2025-08-26 17:00:00+00:00
[2025-08-26T17:23:43.359+0000] {processor.py:208} INFO - Processing /opt/airflow/dags/weather_pipeline.py took 2.128 seconds
[2025-08-26T17:24:55.517+0000] {processor.py:186} INFO - Started process (PID=168) to work on /opt/airflow/dags/weather_pipeline.py
[2025-08-26T17:24:55.518+0000] {processor.py:914} INFO - Processing file /opt/airflow/dags/weather_pipeline.py for tasks to queue
[2025-08-26T17:24:55.520+0000] {logging_mixin.py:190} INFO - [2025-08-26T17:24:55.520+0000] {dagbag.py:588} INFO - Filling up the DagBag from /opt/airflow/dags/weather_pipeline.py
[2025-08-26T17:24:56.650+0000] {processor.py:925} INFO - DAG(s) 'weather_pipeline' retrieved from /opt/airflow/dags/weather_pipeline.py
[2025-08-26T17:24:57.030+0000] {logging_mixin.py:190} INFO - [2025-08-26T17:24:57.029+0000] {override.py:1912} INFO - Created Permission View: can delete on DAG:weather_pipeline
[2025-08-26T17:24:57.046+0000] {logging_mixin.py:190} INFO - [2025-08-26T17:24:57.046+0000] {override.py:1912} INFO - Created Permission View: can read on DAG:weather_pipeline
[2025-08-26T17:24:57.058+0000] {logging_mixin.py:190} INFO - [2025-08-26T17:24:57.057+0000] {override.py:1912} INFO - Created Permission View: can edit on DAG:weather_pipeline
[2025-08-26T17:24:57.073+0000] {logging_mixin.py:190} INFO - [2025-08-26T17:24:57.072+0000] {override.py:1912} INFO - Created Permission View: can create on DAG Run:weather_pipeline
[2025-08-26T17:24:57.083+0000] {logging_mixin.py:190} INFO - [2025-08-26T17:24:57.083+0000] {override.py:1912} INFO - Created Permission View: can delete on DAG Run:weather_pipeline
[2025-08-26T17:24:57.093+0000] {logging_mixin.py:190} INFO - [2025-08-26T17:24:57.092+0000] {override.py:1912} INFO - Created Permission View: can read on DAG Run:weather_pipeline
[2025-08-26T17:24:57.103+0000] {logging_mixin.py:190} INFO - [2025-08-26T17:24:57.103+0000] {override.py:1912} INFO - Created Permission View: menu access on DAG Run:weather_pipeline
[2025-08-26T17:24:57.104+0000] {logging_mixin.py:190} INFO - [2025-08-26T17:24:57.104+0000] {dag.py:3239} INFO - Sync 1 DAGs
[2025-08-26T17:24:57.311+0000] {logging_mixin.py:190} INFO - [2025-08-26T17:24:57.311+0000] {dag.py:3262} INFO - Creating ORM DAG for weather_pipeline
[2025-08-26T17:24:57.324+0000] {logging_mixin.py:190} INFO - [2025-08-26T17:24:57.324+0000] {dag.py:4180} INFO - Setting next_dagrun for weather_pipeline to 2025-08-26 16:00:00+00:00, run_after=2025-08-26 17:00:00+00:00
[2025-08-26T17:24:57.356+0000] {processor.py:208} INFO - Processing /opt/airflow/dags/weather_pipeline.py took 1.847 seconds
[2025-08-26T17:25:27.569+0000] {processor.py:186} INFO - Started process (PID=182) to work on /opt/airflow/dags/weather_pipeline.py
[2025-08-26T17:25:27.570+0000] {processor.py:914} INFO - Processing file /opt/airflow/dags/weather_pipeline.py for tasks to queue
[2025-08-26T17:25:27.572+0000] {logging_mixin.py:190} INFO - [2025-08-26T17:25:27.571+0000] {dagbag.py:588} INFO - Filling up the DagBag from /opt/airflow/dags/weather_pipeline.py
[2025-08-26T17:25:27.711+0000] {processor.py:925} INFO - DAG(s) 'weather_pipeline' retrieved from /opt/airflow/dags/weather_pipeline.py
[2025-08-26T17:25:27.723+0000] {logging_mixin.py:190} INFO - [2025-08-26T17:25:27.723+0000] {dag.py:3239} INFO - Sync 1 DAGs
[2025-08-26T17:25:27.735+0000] {logging_mixin.py:190} INFO - [2025-08-26T17:25:27.735+0000] {dag.py:4180} INFO - Setting next_dagrun for weather_pipeline to 2025-08-26 17:00:00+00:00, run_after=2025-08-26 18:00:00+00:00
[2025-08-26T17:25:27.757+0000] {processor.py:208} INFO - Processing /opt/airflow/dags/weather_pipeline.py took 0.194 seconds
[2025-08-26T17:25:57.886+0000] {processor.py:186} INFO - Started process (PID=187) to work on /opt/airflow/dags/weather_pipeline.py
[2025-08-26T17:25:57.897+0000] {processor.py:914} INFO - Processing file /opt/airflow/dags/weather_pipeline.py for tasks to queue
[2025-08-26T17:25:57.901+0000] {logging_mixin.py:190} INFO - [2025-08-26T17:25:57.900+0000] {dagbag.py:588} INFO - Filling up the DagBag from /opt/airflow/dags/weather_pipeline.py
[2025-08-26T17:25:58.050+0000] {processor.py:925} INFO - DAG(s) 'weather_pipeline' retrieved from /opt/airflow/dags/weather_pipeline.py
[2025-08-26T17:25:58.063+0000] {logging_mixin.py:190} INFO - [2025-08-26T17:25:58.063+0000] {dag.py:3239} INFO - Sync 1 DAGs
[2025-08-26T17:25:58.077+0000] {logging_mixin.py:190} INFO - [2025-08-26T17:25:58.076+0000] {dag.py:4180} INFO - Setting next_dagrun for weather_pipeline to 2025-08-26 17:00:00+00:00, run_after=2025-08-26 18:00:00+00:00
[2025-08-26T17:25:58.090+0000] {processor.py:208} INFO - Processing /opt/airflow/dags/weather_pipeline.py took 0.212 seconds
[2025-08-26T17:26:28.276+0000] {processor.py:186} INFO - Started process (PID=192) to work on /opt/airflow/dags/weather_pipeline.py
[2025-08-26T17:26:28.277+0000] {processor.py:914} INFO - Processing file /opt/airflow/dags/weather_pipeline.py for tasks to queue
[2025-08-26T17:26:28.279+0000] {logging_mixin.py:190} INFO - [2025-08-26T17:26:28.279+0000] {dagbag.py:588} INFO - Filling up the DagBag from /opt/airflow/dags/weather_pipeline.py
[2025-08-26T17:26:28.415+0000] {processor.py:925} INFO - DAG(s) 'weather_pipeline' retrieved from /opt/airflow/dags/weather_pipeline.py
[2025-08-26T17:26:28.428+0000] {logging_mixin.py:190} INFO - [2025-08-26T17:26:28.427+0000] {dag.py:3239} INFO - Sync 1 DAGs
[2025-08-26T17:26:28.441+0000] {logging_mixin.py:190} INFO - [2025-08-26T17:26:28.441+0000] {dag.py:4180} INFO - Setting next_dagrun for weather_pipeline to 2025-08-26 17:00:00+00:00, run_after=2025-08-26 18:00:00+00:00
[2025-08-26T17:26:28.555+0000] {processor.py:208} INFO - Processing /opt/airflow/dags/weather_pipeline.py took 0.287 seconds
[2025-08-26T17:26:58.767+0000] {processor.py:186} INFO - Started process (PID=197) to work on /opt/airflow/dags/weather_pipeline.py
[2025-08-26T17:26:58.778+0000] {processor.py:914} INFO - Processing file /opt/airflow/dags/weather_pipeline.py for tasks to queue
[2025-08-26T17:26:58.781+0000] {logging_mixin.py:190} INFO - [2025-08-26T17:26:58.780+0000] {dagbag.py:588} INFO - Filling up the DagBag from /opt/airflow/dags/weather_pipeline.py
[2025-08-26T17:26:58.921+0000] {processor.py:925} INFO - DAG(s) 'weather_pipeline' retrieved from /opt/airflow/dags/weather_pipeline.py
[2025-08-26T17:26:58.939+0000] {logging_mixin.py:190} INFO - [2025-08-26T17:26:58.938+0000] {dag.py:3239} INFO - Sync 1 DAGs
[2025-08-26T17:26:59.060+0000] {logging_mixin.py:190} INFO - [2025-08-26T17:26:59.060+0000] {dag.py:4180} INFO - Setting next_dagrun for weather_pipeline to 2025-08-26 17:00:00+00:00, run_after=2025-08-26 18:00:00+00:00
[2025-08-26T17:26:59.072+0000] {processor.py:208} INFO - Processing /opt/airflow/dags/weather_pipeline.py took 0.315 seconds
[2025-08-26T17:27:29.270+0000] {processor.py:186} INFO - Started process (PID=202) to work on /opt/airflow/dags/weather_pipeline.py
[2025-08-26T17:27:29.270+0000] {processor.py:914} INFO - Processing file /opt/airflow/dags/weather_pipeline.py for tasks to queue
[2025-08-26T17:27:29.272+0000] {logging_mixin.py:190} INFO - [2025-08-26T17:27:29.272+0000] {dagbag.py:588} INFO - Filling up the DagBag from /opt/airflow/dags/weather_pipeline.py
[2025-08-26T17:27:29.417+0000] {processor.py:925} INFO - DAG(s) 'weather_pipeline' retrieved from /opt/airflow/dags/weather_pipeline.py
[2025-08-26T17:27:29.432+0000] {logging_mixin.py:190} INFO - [2025-08-26T17:27:29.431+0000] {dag.py:3239} INFO - Sync 1 DAGs
[2025-08-26T17:27:29.546+0000] {logging_mixin.py:190} INFO - [2025-08-26T17:27:29.546+0000] {dag.py:4180} INFO - Setting next_dagrun for weather_pipeline to 2025-08-26 17:00:00+00:00, run_after=2025-08-26 18:00:00+00:00
[2025-08-26T17:27:29.557+0000] {processor.py:208} INFO - Processing /opt/airflow/dags/weather_pipeline.py took 0.293 seconds
[2025-08-26T17:27:59.770+0000] {processor.py:186} INFO - Started process (PID=207) to work on /opt/airflow/dags/weather_pipeline.py
[2025-08-26T17:27:59.781+0000] {processor.py:914} INFO - Processing file /opt/airflow/dags/weather_pipeline.py for tasks to queue
[2025-08-26T17:27:59.784+0000] {logging_mixin.py:190} INFO - [2025-08-26T17:27:59.784+0000] {dagbag.py:588} INFO - Filling up the DagBag from /opt/airflow/dags/weather_pipeline.py
[2025-08-26T17:27:59.936+0000] {processor.py:925} INFO - DAG(s) 'weather_pipeline' retrieved from /opt/airflow/dags/weather_pipeline.py
[2025-08-26T17:28:00.066+0000] {logging_mixin.py:190} INFO - [2025-08-26T17:28:00.066+0000] {dag.py:3239} INFO - Sync 1 DAGs
[2025-08-26T17:28:00.078+0000] {logging_mixin.py:190} INFO - [2025-08-26T17:28:00.078+0000] {dag.py:4180} INFO - Setting next_dagrun for weather_pipeline to 2025-08-26 17:00:00+00:00, run_after=2025-08-26 18:00:00+00:00
[2025-08-26T17:28:00.090+0000] {processor.py:208} INFO - Processing /opt/airflow/dags/weather_pipeline.py took 0.329 seconds
[2025-08-26T17:28:30.313+0000] {processor.py:186} INFO - Started process (PID=212) to work on /opt/airflow/dags/weather_pipeline.py
[2025-08-26T17:28:30.314+0000] {processor.py:914} INFO - Processing file /opt/airflow/dags/weather_pipeline.py for tasks to queue
[2025-08-26T17:28:30.316+0000] {logging_mixin.py:190} INFO - [2025-08-26T17:28:30.316+0000] {dagbag.py:588} INFO - Filling up the DagBag from /opt/airflow/dags/weather_pipeline.py
[2025-08-26T17:28:30.542+0000] {processor.py:925} INFO - DAG(s) 'weather_pipeline' retrieved from /opt/airflow/dags/weather_pipeline.py
[2025-08-26T17:28:30.554+0000] {logging_mixin.py:190} INFO - [2025-08-26T17:28:30.554+0000] {dag.py:3239} INFO - Sync 1 DAGs
[2025-08-26T17:28:30.564+0000] {logging_mixin.py:190} INFO - [2025-08-26T17:28:30.564+0000] {dag.py:4180} INFO - Setting next_dagrun for weather_pipeline to 2025-08-26 17:00:00+00:00, run_after=2025-08-26 18:00:00+00:00
[2025-08-26T17:28:30.575+0000] {processor.py:208} INFO - Processing /opt/airflow/dags/weather_pipeline.py took 0.272 seconds
[2025-08-26T17:29:00.751+0000] {processor.py:186} INFO - Started process (PID=217) to work on /opt/airflow/dags/weather_pipeline.py
[2025-08-26T17:29:00.761+0000] {processor.py:914} INFO - Processing file /opt/airflow/dags/weather_pipeline.py for tasks to queue
[2025-08-26T17:29:00.763+0000] {logging_mixin.py:190} INFO - [2025-08-26T17:29:00.762+0000] {dagbag.py:588} INFO - Filling up the DagBag from /opt/airflow/dags/weather_pipeline.py
[2025-08-26T17:29:01.020+0000] {processor.py:925} INFO - DAG(s) 'weather_pipeline' retrieved from /opt/airflow/dags/weather_pipeline.py
[2025-08-26T17:29:01.032+0000] {logging_mixin.py:190} INFO - [2025-08-26T17:29:01.031+0000] {dag.py:3239} INFO - Sync 1 DAGs
[2025-08-26T17:29:01.044+0000] {logging_mixin.py:190} INFO - [2025-08-26T17:29:01.044+0000] {dag.py:4180} INFO - Setting next_dagrun for weather_pipeline to 2025-08-26 17:00:00+00:00, run_after=2025-08-26 18:00:00+00:00
[2025-08-26T17:29:01.067+0000] {processor.py:208} INFO - Processing /opt/airflow/dags/weather_pipeline.py took 0.320 seconds
[2025-08-26T17:29:31.283+0000] {processor.py:186} INFO - Started process (PID=222) to work on /opt/airflow/dags/weather_pipeline.py
[2025-08-26T17:29:31.284+0000] {processor.py:914} INFO - Processing file /opt/airflow/dags/weather_pipeline.py for tasks to queue
[2025-08-26T17:29:31.286+0000] {logging_mixin.py:190} INFO - [2025-08-26T17:29:31.286+0000] {dagbag.py:588} INFO - Filling up the DagBag from /opt/airflow/dags/weather_pipeline.py
[2025-08-26T17:29:31.510+0000] {processor.py:925} INFO - DAG(s) 'weather_pipeline' retrieved from /opt/airflow/dags/weather_pipeline.py
[2025-08-26T17:29:31.521+0000] {logging_mixin.py:190} INFO - [2025-08-26T17:29:31.521+0000] {dag.py:3239} INFO - Sync 1 DAGs
[2025-08-26T17:29:31.533+0000] {logging_mixin.py:190} INFO - [2025-08-26T17:29:31.533+0000] {dag.py:4180} INFO - Setting next_dagrun for weather_pipeline to 2025-08-26 17:00:00+00:00, run_after=2025-08-26 18:00:00+00:00
[2025-08-26T17:29:31.547+0000] {processor.py:208} INFO - Processing /opt/airflow/dags/weather_pipeline.py took 0.274 seconds
[2025-08-26T17:30:01.755+0000] {processor.py:186} INFO - Started process (PID=227) to work on /opt/airflow/dags/weather_pipeline.py
[2025-08-26T17:30:01.765+0000] {processor.py:914} INFO - Processing file /opt/airflow/dags/weather_pipeline.py for tasks to queue
[2025-08-26T17:30:01.768+0000] {logging_mixin.py:190} INFO - [2025-08-26T17:30:01.768+0000] {dagbag.py:588} INFO - Filling up the DagBag from /opt/airflow/dags/weather_pipeline.py
[2025-08-26T17:30:01.992+0000] {processor.py:925} INFO - DAG(s) 'weather_pipeline' retrieved from /opt/airflow/dags/weather_pipeline.py
[2025-08-26T17:30:02.003+0000] {logging_mixin.py:190} INFO - [2025-08-26T17:30:02.002+0000] {dag.py:3239} INFO - Sync 1 DAGs
[2025-08-26T17:30:02.014+0000] {logging_mixin.py:190} INFO - [2025-08-26T17:30:02.014+0000] {dag.py:4180} INFO - Setting next_dagrun for weather_pipeline to 2025-08-26 17:00:00+00:00, run_after=2025-08-26 18:00:00+00:00
[2025-08-26T17:30:02.036+0000] {processor.py:208} INFO - Processing /opt/airflow/dags/weather_pipeline.py took 0.287 seconds
[2025-08-26T17:30:32.225+0000] {processor.py:186} INFO - Started process (PID=232) to work on /opt/airflow/dags/weather_pipeline.py
[2025-08-26T17:30:32.226+0000] {processor.py:914} INFO - Processing file /opt/airflow/dags/weather_pipeline.py for tasks to queue
[2025-08-26T17:30:32.227+0000] {logging_mixin.py:190} INFO - [2025-08-26T17:30:32.227+0000] {dagbag.py:588} INFO - Filling up the DagBag from /opt/airflow/dags/weather_pipeline.py
[2025-08-26T17:30:32.480+0000] {processor.py:925} INFO - DAG(s) 'weather_pipeline' retrieved from /opt/airflow/dags/weather_pipeline.py
[2025-08-26T17:30:32.493+0000] {logging_mixin.py:190} INFO - [2025-08-26T17:30:32.493+0000] {dag.py:3239} INFO - Sync 1 DAGs
[2025-08-26T17:30:32.505+0000] {logging_mixin.py:190} INFO - [2025-08-26T17:30:32.505+0000] {dag.py:4180} INFO - Setting next_dagrun for weather_pipeline to 2025-08-26 17:00:00+00:00, run_after=2025-08-26 18:00:00+00:00
[2025-08-26T17:30:32.528+0000] {processor.py:208} INFO - Processing /opt/airflow/dags/weather_pipeline.py took 0.306 seconds
[2025-08-26T17:31:02.699+0000] {processor.py:186} INFO - Started process (PID=237) to work on /opt/airflow/dags/weather_pipeline.py
[2025-08-26T17:31:02.710+0000] {processor.py:914} INFO - Processing file /opt/airflow/dags/weather_pipeline.py for tasks to queue
[2025-08-26T17:31:02.713+0000] {logging_mixin.py:190} INFO - [2025-08-26T17:31:02.713+0000] {dagbag.py:588} INFO - Filling up the DagBag from /opt/airflow/dags/weather_pipeline.py
[2025-08-26T17:31:02.960+0000] {processor.py:925} INFO - DAG(s) 'weather_pipeline' retrieved from /opt/airflow/dags/weather_pipeline.py
[2025-08-26T17:31:02.980+0000] {logging_mixin.py:190} INFO - [2025-08-26T17:31:02.980+0000] {dag.py:3239} INFO - Sync 1 DAGs
[2025-08-26T17:31:02.993+0000] {logging_mixin.py:190} INFO - [2025-08-26T17:31:02.993+0000] {dag.py:4180} INFO - Setting next_dagrun for weather_pipeline to 2025-08-26 17:00:00+00:00, run_after=2025-08-26 18:00:00+00:00
[2025-08-26T17:31:03.016+0000] {processor.py:208} INFO - Processing /opt/airflow/dags/weather_pipeline.py took 0.327 seconds
[2025-08-26T17:31:33.232+0000] {processor.py:186} INFO - Started process (PID=242) to work on /opt/airflow/dags/weather_pipeline.py
[2025-08-26T17:31:33.233+0000] {processor.py:914} INFO - Processing file /opt/airflow/dags/weather_pipeline.py for tasks to queue
[2025-08-26T17:31:33.235+0000] {logging_mixin.py:190} INFO - [2025-08-26T17:31:33.235+0000] {dagbag.py:588} INFO - Filling up the DagBag from /opt/airflow/dags/weather_pipeline.py
[2025-08-26T17:31:33.461+0000] {processor.py:925} INFO - DAG(s) 'weather_pipeline' retrieved from /opt/airflow/dags/weather_pipeline.py
[2025-08-26T17:31:33.472+0000] {logging_mixin.py:190} INFO - [2025-08-26T17:31:33.472+0000] {dag.py:3239} INFO - Sync 1 DAGs
[2025-08-26T17:31:33.485+0000] {logging_mixin.py:190} INFO - [2025-08-26T17:31:33.484+0000] {dag.py:4180} INFO - Setting next_dagrun for weather_pipeline to 2025-08-26 17:00:00+00:00, run_after=2025-08-26 18:00:00+00:00
[2025-08-26T17:31:33.496+0000] {processor.py:208} INFO - Processing /opt/airflow/dags/weather_pipeline.py took 0.274 seconds
[2025-08-26T17:32:03.655+0000] {processor.py:186} INFO - Started process (PID=247) to work on /opt/airflow/dags/weather_pipeline.py
[2025-08-26T17:32:03.666+0000] {processor.py:914} INFO - Processing file /opt/airflow/dags/weather_pipeline.py for tasks to queue
[2025-08-26T17:32:03.669+0000] {logging_mixin.py:190} INFO - [2025-08-26T17:32:03.669+0000] {dagbag.py:588} INFO - Filling up the DagBag from /opt/airflow/dags/weather_pipeline.py
[2025-08-26T17:32:03.920+0000] {processor.py:925} INFO - DAG(s) 'weather_pipeline' retrieved from /opt/airflow/dags/weather_pipeline.py
[2025-08-26T17:32:03.930+0000] {logging_mixin.py:190} INFO - [2025-08-26T17:32:03.930+0000] {dag.py:3239} INFO - Sync 1 DAGs
[2025-08-26T17:32:03.941+0000] {logging_mixin.py:190} INFO - [2025-08-26T17:32:03.941+0000] {dag.py:4180} INFO - Setting next_dagrun for weather_pipeline to 2025-08-26 17:00:00+00:00, run_after=2025-08-26 18:00:00+00:00
[2025-08-26T17:32:03.964+0000] {processor.py:208} INFO - Processing /opt/airflow/dags/weather_pipeline.py took 0.320 seconds
[2025-08-26T17:32:34.120+0000] {processor.py:186} INFO - Started process (PID=252) to work on /opt/airflow/dags/weather_pipeline.py
[2025-08-26T17:32:34.121+0000] {processor.py:914} INFO - Processing file /opt/airflow/dags/weather_pipeline.py for tasks to queue
[2025-08-26T17:32:34.123+0000] {logging_mixin.py:190} INFO - [2025-08-26T17:32:34.122+0000] {dagbag.py:588} INFO - Filling up the DagBag from /opt/airflow/dags/weather_pipeline.py
[2025-08-26T17:32:34.387+0000] {processor.py:925} INFO - DAG(s) 'weather_pipeline' retrieved from /opt/airflow/dags/weather_pipeline.py
[2025-08-26T17:32:34.400+0000] {logging_mixin.py:190} INFO - [2025-08-26T17:32:34.400+0000] {dag.py:3239} INFO - Sync 1 DAGs
[2025-08-26T17:32:34.413+0000] {logging_mixin.py:190} INFO - [2025-08-26T17:32:34.413+0000] {dag.py:4180} INFO - Setting next_dagrun for weather_pipeline to 2025-08-26 17:00:00+00:00, run_after=2025-08-26 18:00:00+00:00
[2025-08-26T17:32:34.436+0000] {processor.py:208} INFO - Processing /opt/airflow/dags/weather_pipeline.py took 0.321 seconds
[2025-08-26T17:33:04.599+0000] {processor.py:186} INFO - Started process (PID=257) to work on /opt/airflow/dags/weather_pipeline.py
[2025-08-26T17:33:04.600+0000] {processor.py:914} INFO - Processing file /opt/airflow/dags/weather_pipeline.py for tasks to queue
[2025-08-26T17:33:04.602+0000] {logging_mixin.py:190} INFO - [2025-08-26T17:33:04.602+0000] {dagbag.py:588} INFO - Filling up the DagBag from /opt/airflow/dags/weather_pipeline.py
[2025-08-26T17:33:04.839+0000] {processor.py:925} INFO - DAG(s) 'weather_pipeline' retrieved from /opt/airflow/dags/weather_pipeline.py
[2025-08-26T17:33:04.851+0000] {logging_mixin.py:190} INFO - [2025-08-26T17:33:04.851+0000] {dag.py:3239} INFO - Sync 1 DAGs
[2025-08-26T17:33:04.865+0000] {logging_mixin.py:190} INFO - [2025-08-26T17:33:04.864+0000] {dag.py:4180} INFO - Setting next_dagrun for weather_pipeline to 2025-08-26 17:00:00+00:00, run_after=2025-08-26 18:00:00+00:00
[2025-08-26T17:33:04.876+0000] {processor.py:208} INFO - Processing /opt/airflow/dags/weather_pipeline.py took 0.285 seconds
[2025-08-26T17:33:35.059+0000] {processor.py:186} INFO - Started process (PID=262) to work on /opt/airflow/dags/weather_pipeline.py
[2025-08-26T17:33:35.059+0000] {processor.py:914} INFO - Processing file /opt/airflow/dags/weather_pipeline.py for tasks to queue
[2025-08-26T17:33:35.061+0000] {logging_mixin.py:190} INFO - [2025-08-26T17:33:35.060+0000] {dagbag.py:588} INFO - Filling up the DagBag from /opt/airflow/dags/weather_pipeline.py
[2025-08-26T17:33:35.305+0000] {processor.py:925} INFO - DAG(s) 'weather_pipeline' retrieved from /opt/airflow/dags/weather_pipeline.py
[2025-08-26T17:33:35.319+0000] {logging_mixin.py:190} INFO - [2025-08-26T17:33:35.318+0000] {dag.py:3239} INFO - Sync 1 DAGs
[2025-08-26T17:33:35.330+0000] {logging_mixin.py:190} INFO - [2025-08-26T17:33:35.330+0000] {dag.py:4180} INFO - Setting next_dagrun for weather_pipeline to 2025-08-26 17:00:00+00:00, run_after=2025-08-26 18:00:00+00:00
[2025-08-26T17:33:35.352+0000] {processor.py:208} INFO - Processing /opt/airflow/dags/weather_pipeline.py took 0.297 seconds
[2025-08-26T17:34:05.547+0000] {processor.py:186} INFO - Started process (PID=267) to work on /opt/airflow/dags/weather_pipeline.py
[2025-08-26T17:34:05.557+0000] {processor.py:914} INFO - Processing file /opt/airflow/dags/weather_pipeline.py for tasks to queue
[2025-08-26T17:34:05.560+0000] {logging_mixin.py:190} INFO - [2025-08-26T17:34:05.560+0000] {dagbag.py:588} INFO - Filling up the DagBag from /opt/airflow/dags/weather_pipeline.py
[2025-08-26T17:34:05.814+0000] {processor.py:925} INFO - DAG(s) 'weather_pipeline' retrieved from /opt/airflow/dags/weather_pipeline.py
[2025-08-26T17:34:05.825+0000] {logging_mixin.py:190} INFO - [2025-08-26T17:34:05.825+0000] {dag.py:3239} INFO - Sync 1 DAGs
[2025-08-26T17:34:05.838+0000] {logging_mixin.py:190} INFO - [2025-08-26T17:34:05.838+0000] {dag.py:4180} INFO - Setting next_dagrun for weather_pipeline to 2025-08-26 17:00:00+00:00, run_after=2025-08-26 18:00:00+00:00
[2025-08-26T17:34:05.860+0000] {processor.py:208} INFO - Processing /opt/airflow/dags/weather_pipeline.py took 0.322 seconds
[2025-08-26T17:34:36.068+0000] {processor.py:186} INFO - Started process (PID=272) to work on /opt/airflow/dags/weather_pipeline.py
[2025-08-26T17:34:36.069+0000] {processor.py:914} INFO - Processing file /opt/airflow/dags/weather_pipeline.py for tasks to queue
[2025-08-26T17:34:36.071+0000] {logging_mixin.py:190} INFO - [2025-08-26T17:34:36.071+0000] {dagbag.py:588} INFO - Filling up the DagBag from /opt/airflow/dags/weather_pipeline.py
[2025-08-26T17:34:36.302+0000] {processor.py:925} INFO - DAG(s) 'weather_pipeline' retrieved from /opt/airflow/dags/weather_pipeline.py
[2025-08-26T17:34:36.312+0000] {logging_mixin.py:190} INFO - [2025-08-26T17:34:36.312+0000] {dag.py:3239} INFO - Sync 1 DAGs
[2025-08-26T17:34:36.323+0000] {logging_mixin.py:190} INFO - [2025-08-26T17:34:36.323+0000] {dag.py:4180} INFO - Setting next_dagrun for weather_pipeline to 2025-08-26 17:00:00+00:00, run_after=2025-08-26 18:00:00+00:00
[2025-08-26T17:34:36.345+0000] {processor.py:208} INFO - Processing /opt/airflow/dags/weather_pipeline.py took 0.285 seconds
[2025-08-26T17:35:06.566+0000] {processor.py:186} INFO - Started process (PID=277) to work on /opt/airflow/dags/weather_pipeline.py
[2025-08-26T17:35:06.568+0000] {processor.py:914} INFO - Processing file /opt/airflow/dags/weather_pipeline.py for tasks to queue
[2025-08-26T17:35:06.570+0000] {logging_mixin.py:190} INFO - [2025-08-26T17:35:06.569+0000] {dagbag.py:588} INFO - Filling up the DagBag from /opt/airflow/dags/weather_pipeline.py
[2025-08-26T17:35:06.794+0000] {processor.py:925} INFO - DAG(s) 'weather_pipeline' retrieved from /opt/airflow/dags/weather_pipeline.py
[2025-08-26T17:35:06.805+0000] {logging_mixin.py:190} INFO - [2025-08-26T17:35:06.805+0000] {dag.py:3239} INFO - Sync 1 DAGs
[2025-08-26T17:35:06.816+0000] {logging_mixin.py:190} INFO - [2025-08-26T17:35:06.816+0000] {dag.py:4180} INFO - Setting next_dagrun for weather_pipeline to 2025-08-26 17:00:00+00:00, run_after=2025-08-26 18:00:00+00:00
[2025-08-26T17:35:06.838+0000] {processor.py:208} INFO - Processing /opt/airflow/dags/weather_pipeline.py took 0.282 seconds
[2025-08-26T17:35:37.044+0000] {processor.py:186} INFO - Started process (PID=282) to work on /opt/airflow/dags/weather_pipeline.py
[2025-08-26T17:35:37.045+0000] {processor.py:914} INFO - Processing file /opt/airflow/dags/weather_pipeline.py for tasks to queue
[2025-08-26T17:35:37.046+0000] {logging_mixin.py:190} INFO - [2025-08-26T17:35:37.046+0000] {dagbag.py:588} INFO - Filling up the DagBag from /opt/airflow/dags/weather_pipeline.py
[2025-08-26T17:35:37.270+0000] {processor.py:925} INFO - DAG(s) 'weather_pipeline' retrieved from /opt/airflow/dags/weather_pipeline.py
[2025-08-26T17:35:37.280+0000] {logging_mixin.py:190} INFO - [2025-08-26T17:35:37.280+0000] {dag.py:3239} INFO - Sync 1 DAGs
[2025-08-26T17:35:37.292+0000] {logging_mixin.py:190} INFO - [2025-08-26T17:35:37.292+0000] {dag.py:4180} INFO - Setting next_dagrun for weather_pipeline to 2025-08-26 17:00:00+00:00, run_after=2025-08-26 18:00:00+00:00
[2025-08-26T17:35:37.303+0000] {processor.py:208} INFO - Processing /opt/airflow/dags/weather_pipeline.py took 0.265 seconds
[2025-08-26T17:36:07.505+0000] {processor.py:186} INFO - Started process (PID=287) to work on /opt/airflow/dags/weather_pipeline.py
[2025-08-26T17:36:07.505+0000] {processor.py:914} INFO - Processing file /opt/airflow/dags/weather_pipeline.py for tasks to queue
[2025-08-26T17:36:07.506+0000] {logging_mixin.py:190} INFO - [2025-08-26T17:36:07.506+0000] {dagbag.py:588} INFO - Filling up the DagBag from /opt/airflow/dags/weather_pipeline.py
[2025-08-26T17:36:07.732+0000] {processor.py:925} INFO - DAG(s) 'weather_pipeline' retrieved from /opt/airflow/dags/weather_pipeline.py
[2025-08-26T17:36:07.742+0000] {logging_mixin.py:190} INFO - [2025-08-26T17:36:07.742+0000] {dag.py:3239} INFO - Sync 1 DAGs
[2025-08-26T17:36:07.753+0000] {logging_mixin.py:190} INFO - [2025-08-26T17:36:07.753+0000] {dag.py:4180} INFO - Setting next_dagrun for weather_pipeline to 2025-08-26 17:00:00+00:00, run_after=2025-08-26 18:00:00+00:00
[2025-08-26T17:36:07.774+0000] {processor.py:208} INFO - Processing /opt/airflow/dags/weather_pipeline.py took 0.275 seconds
[2025-08-26T17:36:37.976+0000] {processor.py:186} INFO - Started process (PID=292) to work on /opt/airflow/dags/weather_pipeline.py
[2025-08-26T17:36:37.977+0000] {processor.py:914} INFO - Processing file /opt/airflow/dags/weather_pipeline.py for tasks to queue
[2025-08-26T17:36:37.979+0000] {logging_mixin.py:190} INFO - [2025-08-26T17:36:37.978+0000] {dagbag.py:588} INFO - Filling up the DagBag from /opt/airflow/dags/weather_pipeline.py
[2025-08-26T17:36:38.202+0000] {processor.py:925} INFO - DAG(s) 'weather_pipeline' retrieved from /opt/airflow/dags/weather_pipeline.py
[2025-08-26T17:36:38.213+0000] {logging_mixin.py:190} INFO - [2025-08-26T17:36:38.213+0000] {dag.py:3239} INFO - Sync 1 DAGs
[2025-08-26T17:36:38.224+0000] {logging_mixin.py:190} INFO - [2025-08-26T17:36:38.224+0000] {dag.py:4180} INFO - Setting next_dagrun for weather_pipeline to 2025-08-26 17:00:00+00:00, run_after=2025-08-26 18:00:00+00:00
[2025-08-26T17:36:38.243+0000] {processor.py:208} INFO - Processing /opt/airflow/dags/weather_pipeline.py took 0.272 seconds
