[2025-08-26T16:44:24.292+0000] {manager.py:483} INFO - Processing files using up to 1 processes at a time 
[2025-08-26T16:44:24.292+0000] {manager.py:484} INFO - Process each file at most once every 30 seconds
[2025-08-26T16:44:24.293+0000] {manager.py:485} INFO - Checking for new files in /opt/airflow/dags every 300 seconds
[2025-08-26T16:44:24.294+0000] {manager.py:821} INFO - Searching for files in /opt/airflow/dags
[2025-08-26T16:44:24.295+0000] {manager.py:824} INFO - There are 0 files in /opt/airflow/dags
[2025-08-26T16:49:25.137+0000] {manager.py:821} INFO - Searching for files in /opt/airflow/dags
[2025-08-26T16:49:25.138+0000] {manager.py:824} INFO - There are 0 files in /opt/airflow/dags
[2025-08-26T16:54:25.878+0000] {manager.py:821} INFO - Searching for files in /opt/airflow/dags
[2025-08-26T16:54:25.880+0000] {manager.py:824} INFO - There are 0 files in /opt/airflow/dags
[2025-08-26T16:59:26.769+0000] {manager.py:821} INFO - Searching for files in /opt/airflow/dags
[2025-08-26T16:59:26.770+0000] {manager.py:824} INFO - There are 0 files in /opt/airflow/dags
[2025-08-26T16:59:28.733+0000] {manager.py:465} INFO - Exiting gracefully upon receiving signal 15
[2025-08-26T17:00:24.986+0000] {manager.py:483} INFO - Processing files using up to 1 processes at a time 
[2025-08-26T17:00:24.987+0000] {manager.py:484} INFO - Process each file at most once every 30 seconds
[2025-08-26T17:00:24.987+0000] {manager.py:485} INFO - Checking for new files in /opt/airflow/dags every 300 seconds
[2025-08-26T17:00:24.988+0000] {manager.py:821} INFO - Searching for files in /opt/airflow/dags
[2025-08-26T17:00:24.989+0000] {manager.py:824} INFO - There are 0 files in /opt/airflow/dags
[2025-08-26T17:05:25.829+0000] {manager.py:821} INFO - Searching for files in /opt/airflow/dags
[2025-08-26T17:05:25.830+0000] {manager.py:824} INFO - There are 0 files in /opt/airflow/dags
[2025-08-26T17:10:26.590+0000] {manager.py:821} INFO - Searching for files in /opt/airflow/dags
[2025-08-26T17:10:26.601+0000] {manager.py:824} INFO - There are 0 files in /opt/airflow/dags
[2025-08-26T17:15:27.352+0000] {manager.py:821} INFO - Searching for files in /opt/airflow/dags
[2025-08-26T17:15:27.353+0000] {manager.py:824} INFO - There are 0 files in /opt/airflow/dags
[2025-08-26T17:16:32.456+0000] {manager.py:465} INFO - Exiting gracefully upon receiving signal 15
[2025-08-26T17:23:41.139+0000] {manager.py:483} INFO - Processing files using up to 1 processes at a time 
[2025-08-26T17:23:41.143+0000] {manager.py:484} INFO - Process each file at most once every 30 seconds
[2025-08-26T17:23:41.144+0000] {manager.py:485} INFO - Checking for new files in /opt/airflow/dags every 300 seconds
[2025-08-26T17:23:41.144+0000] {manager.py:821} INFO - Searching for files in /opt/airflow/dags
[2025-08-26T17:23:41.146+0000] {manager.py:824} INFO - There are 1 files in /opt/airflow/dags
[2025-08-26T17:23:41.244+0000] {manager.py:997} INFO - 
================================================================================
DAG File Processing Stats

File Path                                PID  Runtime      # DAGs    # Errors  Last Runtime    Last Run      Last # of DB Queries
-------------------------------------  -----  ---------  --------  ----------  --------------  ----------  ----------------------
/opt/airflow/dags/weather_pipeline.py    168  0.03s             0           0                                                   0
================================================================================
[2025-08-26T17:23:54.341+0000] {manager.py:465} INFO - Exiting gracefully upon receiving signal 15
[2025-08-26T17:24:55.423+0000] {manager.py:483} INFO - Processing files using up to 1 processes at a time 
[2025-08-26T17:24:55.424+0000] {manager.py:484} INFO - Process each file at most once every 30 seconds
[2025-08-26T17:24:55.425+0000] {manager.py:485} INFO - Checking for new files in /opt/airflow/dags every 300 seconds
[2025-08-26T17:24:55.425+0000] {manager.py:821} INFO - Searching for files in /opt/airflow/dags
[2025-08-26T17:24:55.428+0000] {manager.py:824} INFO - There are 1 files in /opt/airflow/dags
[2025-08-26T17:24:55.520+0000] {manager.py:997} INFO - 
================================================================================
DAG File Processing Stats

File Path                                PID  Runtime      # DAGs    # Errors  Last Runtime    Last Run      Last # of DB Queries
-------------------------------------  -----  ---------  --------  ----------  --------------  ----------  ----------------------
/opt/airflow/dags/weather_pipeline.py    168  0.02s             0           0                                                   0
================================================================================
[2025-08-26T17:25:25.531+0000] {manager.py:997} INFO - 
================================================================================
DAG File Processing Stats

File Path                              PID    Runtime      # DAGs    # Errors  Last Runtime    Last Run               Last # of DB Queries
-------------------------------------  -----  ---------  --------  ----------  --------------  -------------------  ----------------------
/opt/airflow/dags/weather_pipeline.py                           1           0  1.88s           2025-08-26T17:24:57                      45
================================================================================
[2025-08-26T17:25:55.854+0000] {manager.py:997} INFO - 
================================================================================
DAG File Processing Stats

File Path                              PID    Runtime      # DAGs    # Errors  Last Runtime    Last Run               Last # of DB Queries
-------------------------------------  -----  ---------  --------  ----------  --------------  -------------------  ----------------------
/opt/airflow/dags/weather_pipeline.py                           1           0  0.22s           2025-08-26T17:25:27                      12
================================================================================
[2025-08-26T17:26:26.079+0000] {manager.py:997} INFO - 
================================================================================
DAG File Processing Stats

File Path                              PID    Runtime      # DAGs    # Errors  Last Runtime    Last Run               Last # of DB Queries
-------------------------------------  -----  ---------  --------  ----------  --------------  -------------------  ----------------------
/opt/airflow/dags/weather_pipeline.py                           1           0  0.23s           2025-08-26T17:25:58                      12
================================================================================
[2025-08-26T17:26:56.431+0000] {manager.py:997} INFO - 
================================================================================
DAG File Processing Stats

File Path                              PID    Runtime      # DAGs    # Errors  Last Runtime    Last Run               Last # of DB Queries
-------------------------------------  -----  ---------  --------  ----------  --------------  -------------------  ----------------------
/opt/airflow/dags/weather_pipeline.py                           1           0  0.31s           2025-08-26T17:26:28                      12
================================================================================
[2025-08-26T17:27:26.908+0000] {manager.py:997} INFO - 
================================================================================
DAG File Processing Stats

File Path                              PID    Runtime      # DAGs    # Errors  Last Runtime    Last Run               Last # of DB Queries
-------------------------------------  -----  ---------  --------  ----------  --------------  -------------------  ----------------------
/opt/airflow/dags/weather_pipeline.py                           1           0  0.34s           2025-08-26T17:26:59                      12
================================================================================
[2025-08-26T17:27:57.435+0000] {manager.py:997} INFO - 
================================================================================
DAG File Processing Stats

File Path                              PID    Runtime      # DAGs    # Errors  Last Runtime    Last Run               Last # of DB Queries
-------------------------------------  -----  ---------  --------  ----------  --------------  -------------------  ----------------------
/opt/airflow/dags/weather_pipeline.py                           1           0  0.31s           2025-08-26T17:27:29                      12
================================================================================
[2025-08-26T17:28:27.950+0000] {manager.py:997} INFO - 
================================================================================
DAG File Processing Stats

File Path                              PID    Runtime      # DAGs    # Errors  Last Runtime    Last Run               Last # of DB Queries
-------------------------------------  -----  ---------  --------  ----------  --------------  -------------------  ----------------------
/opt/airflow/dags/weather_pipeline.py                           1           0  0.35s           2025-08-26T17:28:00                      12
================================================================================
[2025-08-26T17:28:58.463+0000] {manager.py:997} INFO - 
================================================================================
DAG File Processing Stats

File Path                              PID    Runtime      # DAGs    # Errors  Last Runtime    Last Run               Last # of DB Queries
-------------------------------------  -----  ---------  --------  ----------  --------------  -------------------  ----------------------
/opt/airflow/dags/weather_pipeline.py                           1           0  0.29s           2025-08-26T17:28:30                      12
================================================================================
[2025-08-26T17:29:28.913+0000] {manager.py:997} INFO - 
================================================================================
DAG File Processing Stats

File Path                              PID    Runtime      # DAGs    # Errors  Last Runtime    Last Run               Last # of DB Queries
-------------------------------------  -----  ---------  --------  ----------  --------------  -------------------  ----------------------
/opt/airflow/dags/weather_pipeline.py                           1           0  0.34s           2025-08-26T17:29:01                      12
================================================================================
[2025-08-26T17:29:55.689+0000] {manager.py:821} INFO - Searching for files in /opt/airflow/dags
[2025-08-26T17:29:55.690+0000] {manager.py:824} INFO - There are 1 files in /opt/airflow/dags
[2025-08-26T17:29:59.420+0000] {manager.py:997} INFO - 
================================================================================
DAG File Processing Stats

File Path                              PID    Runtime      # DAGs    # Errors  Last Runtime    Last Run               Last # of DB Queries
-------------------------------------  -----  ---------  --------  ----------  --------------  -------------------  ----------------------
/opt/airflow/dags/weather_pipeline.py                           1           0  0.30s           2025-08-26T17:29:31                      12
================================================================================
[2025-08-26T17:30:29.904+0000] {manager.py:997} INFO - 
================================================================================
DAG File Processing Stats

File Path                              PID    Runtime      # DAGs    # Errors  Last Runtime    Last Run               Last # of DB Queries
-------------------------------------  -----  ---------  --------  ----------  --------------  -------------------  ----------------------
/opt/airflow/dags/weather_pipeline.py                           1           0  0.31s           2025-08-26T17:30:02                      12
================================================================================
[2025-08-26T17:31:00.333+0000] {manager.py:997} INFO - 
================================================================================
DAG File Processing Stats

File Path                              PID    Runtime      # DAGs    # Errors  Last Runtime    Last Run               Last # of DB Queries
-------------------------------------  -----  ---------  --------  ----------  --------------  -------------------  ----------------------
/opt/airflow/dags/weather_pipeline.py                           1           0  0.32s           2025-08-26T17:30:32                      12
================================================================================
[2025-08-26T17:31:30.860+0000] {manager.py:997} INFO - 
================================================================================
DAG File Processing Stats

File Path                              PID    Runtime      # DAGs    # Errors  Last Runtime    Last Run               Last # of DB Queries
-------------------------------------  -----  ---------  --------  ----------  --------------  -------------------  ----------------------
/opt/airflow/dags/weather_pipeline.py                           1           0  0.35s           2025-08-26T17:31:03                      12
================================================================================
[2025-08-26T17:32:01.345+0000] {manager.py:997} INFO - 
================================================================================
DAG File Processing Stats

File Path                              PID    Runtime      # DAGs    # Errors  Last Runtime    Last Run               Last # of DB Queries
-------------------------------------  -----  ---------  --------  ----------  --------------  -------------------  ----------------------
/opt/airflow/dags/weather_pipeline.py                           1           0  0.30s           2025-08-26T17:31:33                      12
================================================================================
[2025-08-26T17:32:31.789+0000] {manager.py:997} INFO - 
================================================================================
DAG File Processing Stats

File Path                              PID    Runtime      # DAGs    # Errors  Last Runtime    Last Run               Last # of DB Queries
-------------------------------------  -----  ---------  --------  ----------  --------------  -------------------  ----------------------
/opt/airflow/dags/weather_pipeline.py                           1           0  0.34s           2025-08-26T17:32:03                      12
================================================================================
[2025-08-26T17:33:02.243+0000] {manager.py:997} INFO - 
================================================================================
DAG File Processing Stats

File Path                              PID    Runtime      # DAGs    # Errors  Last Runtime    Last Run               Last # of DB Queries
-------------------------------------  -----  ---------  --------  ----------  --------------  -------------------  ----------------------
/opt/airflow/dags/weather_pipeline.py                           1           0  0.34s           2025-08-26T17:32:34                      12
================================================================================
[2025-08-26T17:33:32.754+0000] {manager.py:997} INFO - 
================================================================================
DAG File Processing Stats

File Path                              PID    Runtime      # DAGs    # Errors  Last Runtime    Last Run               Last # of DB Queries
-------------------------------------  -----  ---------  --------  ----------  --------------  -------------------  ----------------------
/opt/airflow/dags/weather_pipeline.py                           1           0  0.31s           2025-08-26T17:33:04                      12
================================================================================
[2025-08-26T17:34:03.230+0000] {manager.py:997} INFO - 
================================================================================
DAG File Processing Stats

File Path                              PID    Runtime      # DAGs    # Errors  Last Runtime    Last Run               Last # of DB Queries
-------------------------------------  -----  ---------  --------  ----------  --------------  -------------------  ----------------------
/opt/airflow/dags/weather_pipeline.py                           1           0  0.31s           2025-08-26T17:33:35                      12
================================================================================
[2025-08-26T17:34:33.698+0000] {manager.py:997} INFO - 
================================================================================
DAG File Processing Stats

File Path                              PID    Runtime      # DAGs    # Errors  Last Runtime    Last Run               Last # of DB Queries
-------------------------------------  -----  ---------  --------  ----------  --------------  -------------------  ----------------------
/opt/airflow/dags/weather_pipeline.py                           1           0  0.34s           2025-08-26T17:34:05                      12
================================================================================
[2025-08-26T17:34:56.174+0000] {manager.py:821} INFO - Searching for files in /opt/airflow/dags
[2025-08-26T17:34:56.177+0000] {manager.py:824} INFO - There are 1 files in /opt/airflow/dags
[2025-08-26T17:35:04.247+0000] {manager.py:997} INFO - 
================================================================================
DAG File Processing Stats

File Path                              PID    Runtime      # DAGs    # Errors  Last Runtime    Last Run               Last # of DB Queries
-------------------------------------  -----  ---------  --------  ----------  --------------  -------------------  ----------------------
/opt/airflow/dags/weather_pipeline.py                           1           0  0.31s           2025-08-26T17:34:36                      12
================================================================================
[2025-08-26T17:35:34.725+0000] {manager.py:997} INFO - 
================================================================================
DAG File Processing Stats

File Path                              PID    Runtime      # DAGs    # Errors  Last Runtime    Last Run               Last # of DB Queries
-------------------------------------  -----  ---------  --------  ----------  --------------  -------------------  ----------------------
/opt/airflow/dags/weather_pipeline.py                           1           0  0.30s           2025-08-26T17:35:06                      12
================================================================================
[2025-08-26T17:36:05.203+0000] {manager.py:997} INFO - 
================================================================================
DAG File Processing Stats

File Path                              PID    Runtime      # DAGs    # Errors  Last Runtime    Last Run               Last # of DB Queries
-------------------------------------  -----  ---------  --------  ----------  --------------  -------------------  ----------------------
/opt/airflow/dags/weather_pipeline.py                           1           0  0.28s           2025-08-26T17:35:37                      12
================================================================================
[2025-08-26T17:36:35.668+0000] {manager.py:997} INFO - 
================================================================================
DAG File Processing Stats

File Path                              PID    Runtime      # DAGs    # Errors  Last Runtime    Last Run               Last # of DB Queries
-------------------------------------  -----  ---------  --------  ----------  --------------  -------------------  ----------------------
/opt/airflow/dags/weather_pipeline.py                           1           0  0.30s           2025-08-26T17:36:07                      12
================================================================================
[2025-08-26T17:37:01.490+0000] {manager.py:465} INFO - Exiting gracefully upon receiving signal 15
