[2025-08-26T17:23:45.957+0000] {local_task_job_runner.py:123} INFO - ::group::Pre task execution logs
[2025-08-26T17:23:45.979+0000] {taskinstance.py:2614} INFO - Dependencies all met for dep_context=non-requeueable deps ti=<TaskInstance: weather_pipeline.transform scheduled__2025-08-26T16:00:00+00:00 [queued]>
[2025-08-26T17:23:45.993+0000] {taskinstance.py:2614} INFO - Dependencies all met for dep_context=requeueable deps ti=<TaskInstance: weather_pipeline.transform scheduled__2025-08-26T16:00:00+00:00 [queued]>
[2025-08-26T17:23:45.994+0000] {taskinstance.py:2867} INFO - Starting attempt 1 of 2
[2025-08-26T17:23:46.011+0000] {taskinstance.py:2890} INFO - Executing <Task(PythonOperator): transform> on 2025-08-26 16:00:00+00:00
[2025-08-26T17:23:46.027+0000] {logging_mixin.py:190} WARNING - /home/airflow/.local/lib/python3.12/site-packages/airflow/task/task_runner/standard_task_runner.py:70 DeprecationWarning: This process (pid=176) is multi-threaded, use of fork() may lead to deadlocks in the child.
[2025-08-26T17:23:46.028+0000] {standard_task_runner.py:72} INFO - Started process 177 to run task
[2025-08-26T17:23:46.026+0000] {standard_task_runner.py:104} INFO - Running: ['airflow', 'tasks', 'run', 'weather_pipeline', 'transform', 'scheduled__2025-08-26T16:00:00+00:00', '--job-id', '3', '--raw', '--subdir', 'DAGS_FOLDER/weather_pipeline.py', '--cfg-path', '/tmp/tmpco7j0mof']
[2025-08-26T17:23:46.028+0000] {standard_task_runner.py:105} INFO - Job 3: Subtask transform
[2025-08-26T17:23:46.043+0000] {logging_mixin.py:190} WARNING - /home/airflow/.local/lib/python3.12/site-packages/airflow/settings.py:209 DeprecationWarning: The sql_alchemy_conn option in [core] has been moved to the sql_alchemy_conn option in [database] - the old setting has been used, but please update your config.
[2025-08-26T17:23:46.070+0000] {task_command.py:467} INFO - Running <TaskInstance: weather_pipeline.transform scheduled__2025-08-26T16:00:00+00:00 [running]> on host b35af15ce4bd
[2025-08-26T17:23:46.071+0000] {logging_mixin.py:190} WARNING - /home/airflow/.local/lib/python3.12/site-packages/airflow/settings.py:470 DeprecationWarning: The sql_alchemy_conn option in [core] has been moved to the sql_alchemy_conn option in [database] - the old setting has been used, but please update your config.
[2025-08-26T17:23:46.358+0000] {taskinstance.py:3134} INFO - Exporting env vars: AIRFLOW_CTX_DAG_OWNER='airflow' AIRFLOW_CTX_DAG_ID='weather_pipeline' AIRFLOW_CTX_TASK_ID='transform' AIRFLOW_CTX_EXECUTION_DATE='2025-08-26T16:00:00+00:00' AIRFLOW_CTX_TRY_NUMBER='1' AIRFLOW_CTX_DAG_RUN_ID='scheduled__2025-08-26T16:00:00+00:00'
[2025-08-26T17:23:46.358+0000] {taskinstance.py:732} INFO - ::endgroup::
[2025-08-26T17:23:46.386+0000] {python.py:240} INFO - Done. Returned value was: {'city': 'Ho Chi Minh', 'temperature': 26.41, 'humidity': 80, 'datetime': datetime.datetime(2025, 8, 26, 17, 20, 7)}
[2025-08-26T17:23:46.405+0000] {taskinstance.py:341} INFO - ::group::Post task execution logs
[2025-08-26T17:23:46.405+0000] {taskinstance.py:353} INFO - Marking task as SUCCESS. dag_id=weather_pipeline, task_id=transform, run_id=scheduled__2025-08-26T16:00:00+00:00, execution_date=20250826T160000, start_date=20250826T172345, end_date=20250826T172346
[2025-08-26T17:23:46.486+0000] {local_task_job_runner.py:266} INFO - Task exited with return code 0
[2025-08-26T17:23:46.513+0000] {taskinstance.py:3901} INFO - 1 downstream tasks scheduled from follow-on schedule check
[2025-08-26T17:23:46.516+0000] {local_task_job_runner.py:245} INFO - ::endgroup::
[2025-08-26T17:24:59.303+0000] {local_task_job_runner.py:123} INFO - ::group::Pre task execution logs
[2025-08-26T17:24:59.328+0000] {taskinstance.py:2614} INFO - Dependencies all met for dep_context=non-requeueable deps ti=<TaskInstance: weather_pipeline.transform scheduled__2025-08-26T16:00:00+00:00 [queued]>
[2025-08-26T17:24:59.342+0000] {taskinstance.py:2614} INFO - Dependencies all met for dep_context=requeueable deps ti=<TaskInstance: weather_pipeline.transform scheduled__2025-08-26T16:00:00+00:00 [queued]>
[2025-08-26T17:24:59.342+0000] {taskinstance.py:2867} INFO - Starting attempt 1 of 2
[2025-08-26T17:24:59.359+0000] {taskinstance.py:2890} INFO - Executing <Task(PythonOperator): transform> on 2025-08-26 16:00:00+00:00
[2025-08-26T17:24:59.372+0000] {logging_mixin.py:190} WARNING - /home/airflow/.local/lib/python3.12/site-packages/airflow/task/task_runner/standard_task_runner.py:70 DeprecationWarning: This process (pid=176) is multi-threaded, use of fork() may lead to deadlocks in the child.
[2025-08-26T17:24:59.373+0000] {standard_task_runner.py:72} INFO - Started process 177 to run task
[2025-08-26T17:24:59.372+0000] {standard_task_runner.py:104} INFO - Running: ['airflow', 'tasks', 'run', 'weather_pipeline', 'transform', 'scheduled__2025-08-26T16:00:00+00:00', '--job-id', '3', '--raw', '--subdir', 'DAGS_FOLDER/weather_pipeline.py', '--cfg-path', '/tmp/tmpt01kxynz']
[2025-08-26T17:24:59.374+0000] {standard_task_runner.py:105} INFO - Job 3: Subtask transform
[2025-08-26T17:24:59.386+0000] {logging_mixin.py:190} WARNING - /home/airflow/.local/lib/python3.12/site-packages/airflow/settings.py:209 DeprecationWarning: The sql_alchemy_conn option in [core] has been moved to the sql_alchemy_conn option in [database] - the old setting has been used, but please update your config.
[2025-08-26T17:24:59.420+0000] {task_command.py:467} INFO - Running <TaskInstance: weather_pipeline.transform scheduled__2025-08-26T16:00:00+00:00 [running]> on host 7476cb8b7ba4
[2025-08-26T17:24:59.422+0000] {logging_mixin.py:190} WARNING - /home/airflow/.local/lib/python3.12/site-packages/airflow/settings.py:470 DeprecationWarning: The sql_alchemy_conn option in [core] has been moved to the sql_alchemy_conn option in [database] - the old setting has been used, but please update your config.
[2025-08-26T17:24:59.731+0000] {taskinstance.py:3134} INFO - Exporting env vars: AIRFLOW_CTX_DAG_OWNER='airflow' AIRFLOW_CTX_DAG_ID='weather_pipeline' AIRFLOW_CTX_TASK_ID='transform' AIRFLOW_CTX_EXECUTION_DATE='2025-08-26T16:00:00+00:00' AIRFLOW_CTX_TRY_NUMBER='1' AIRFLOW_CTX_DAG_RUN_ID='scheduled__2025-08-26T16:00:00+00:00'
[2025-08-26T17:24:59.732+0000] {taskinstance.py:732} INFO - ::endgroup::
[2025-08-26T17:24:59.765+0000] {python.py:240} INFO - Done. Returned value was: {'city': 'Ho Chi Minh', 'temperature': 26.41, 'humidity': 80, 'datetime': datetime.datetime(2025, 8, 26, 17, 20, 7)}
[2025-08-26T17:24:59.791+0000] {taskinstance.py:341} INFO - ::group::Post task execution logs
[2025-08-26T17:24:59.792+0000] {taskinstance.py:353} INFO - Marking task as SUCCESS. dag_id=weather_pipeline, task_id=transform, run_id=scheduled__2025-08-26T16:00:00+00:00, execution_date=20250826T160000, start_date=20250826T172459, end_date=20250826T172459
[2025-08-26T17:24:59.870+0000] {local_task_job_runner.py:266} INFO - Task exited with return code 0
[2025-08-26T17:24:59.898+0000] {taskinstance.py:3901} INFO - 1 downstream tasks scheduled from follow-on schedule check
[2025-08-26T17:24:59.901+0000] {local_task_job_runner.py:245} INFO - ::endgroup::
